d:\projekte (c & cpp)\c++ übungen\rps\debug\vc142.pdb
d:\projekte (c & cpp)\c++ übungen\rps\debug\vc142.idb
d:\projekte (c & cpp)\c++ übungen\rps\debug\rps.obj
d:\projekte (c & cpp)\c++ übungen\rps\debug\game.obj
d:\projekte (c & cpp)\c++ übungen\rps\debug\util.obj
d:\projekte (c & cpp)\c++ übungen\debug\rps.exe
d:\projekte (c & cpp)\c++ übungen\debug\rps.ilk
d:\projekte (c & cpp)\c++ übungen\debug\rps.pdb
d:\projekte (c & cpp)\c++ übungen\rps\debug\rps.tlog\cl.command.1.tlog
d:\projekte (c & cpp)\c++ übungen\rps\debug\rps.tlog\cl.read.1.tlog
d:\projekte (c & cpp)\c++ übungen\rps\debug\rps.tlog\cl.write.1.tlog
d:\projekte (c & cpp)\c++ übungen\rps\debug\rps.tlog\link-cvtres.read.1.tlog
d:\projekte (c & cpp)\c++ übungen\rps\debug\rps.tlog\link-cvtres.write.1.tlog
d:\projekte (c & cpp)\c++ übungen\rps\debug\rps.tlog\link-rc.read.1.tlog
d:\projekte (c & cpp)\c++ übungen\rps\debug\rps.tlog\link-rc.write.1.tlog
d:\projekte (c & cpp)\c++ übungen\rps\debug\rps.tlog\link.16488-cvtres.read.1.tlog
d:\projekte (c & cpp)\c++ übungen\rps\debug\rps.tlog\link.16488-cvtres.write.1.tlog
d:\projekte (c & cpp)\c++ übungen\rps\debug\rps.tlog\link.16488-rc.read.1.tlog
d:\projekte (c & cpp)\c++ übungen\rps\debug\rps.tlog\link.16488-rc.write.1.tlog
d:\projekte (c & cpp)\c++ übungen\rps\debug\rps.tlog\link.16488.read.1.tlog
d:\projekte (c & cpp)\c++ übungen\rps\debug\rps.tlog\link.16488.write.1.tlog
d:\projekte (c & cpp)\c++ übungen\rps\debug\rps.tlog\link.command.1.tlog
d:\projekte (c & cpp)\c++ übungen\rps\debug\rps.tlog\link.read.1.tlog
d:\projekte (c & cpp)\c++ übungen\rps\debug\rps.tlog\link.write.1.tlog
